#
# There is insufficient memory for the Java Runtime Environment to continue.
# Native memory allocation (mmap) failed to map 536870912 bytes for G1 virtual space
# Possible reasons:
#   The system is out of physical RAM or swap space
#   The process is running with CompressedOops enabled, and the Java Heap may be blocking the growth of the native heap
# Possible solutions:
#   Reduce memory load on the system
#   Increase physical memory or swap space
#   Check if swap backing store is full
#   Decrease Java heap size (-Xmx/-Xms)
#   Decrease number of Java threads
#   Decrease Java thread stack sizes (-Xss)
#   Set larger code cache with -XX:ReservedCodeCacheSize=
#   JVM is running with Zero Based Compressed Oops mode in which the Java heap is
#     placed in the first 32GB address space. The Java Heap base address is the
#     maximum limit for the native heap growth. Please use -XX:HeapBaseMinAddress
#     to set the Java Heap base and to place the Java Heap above 32GB virtual address.
# This output file may be truncated or incomplete.
#
#  Out of Memory Error (os_windows.cpp:3829), pid=21528, tid=21600
#
# JRE version:  (17.0.8+7) (build )
# Java VM: OpenJDK 64-Bit Server VM (17.0.8+7-b1000.8, mixed mode, sharing, tiered, compressed oops, compressed class ptrs, g1 gc, windows-amd64)
# No core dump will be written. Minidumps are not enabled by default on client versions of Windows
#

---------------  S U M M A R Y ------------

Command Line: org.jetbrains.kotlin.cli.jvm.K2JVMCompiler @F:\Project from Android\CryptoApp\app\build\20231116_11798002617014486096.compiler.options

Host: AMD Ryzen 7 5700G with Radeon Graphics         , 16 cores, 31G,  Windows 10 , 64 bit Build 19041 (10.0.19041.2546)
Time: Thu Nov 16 23:00:47 2023 RTZ 2 (s 10 , 64 bit Build 19041 (10.0.19041.2546) elapsed time: 0.007394 seconds (0d 0h 0m 0s)

---------------  T H R E A D  ---------------

Current thread (0x00000229b56d6e90):  JavaThread "Unknown thread" [_thread_in_vm, id=21600, stack(0x000000312a500000,0x000000312a600000)]

Stack: [0x000000312a500000,0x000000312a600000]
Native frames: (J=compiled Java code, j=interpreted, Vv=VM code, C=native code)
V  [jvm.dll+0x6852da]  os::platform_print_native_stack+0xca  (os_windows_x86.cpp:235)
V  [jvm.dll+0x844c84]  VMError::report+0xc34  (vmError.cpp:745)
V  [jvm.dll+0x84659e]  VMError::report_and_die+0x78e  (vmError.cpp:1586)
V  [jvm.dll+0x846c03]  VMError::report_and_die+0x43  (vmError.cpp:1372)
V  [jvm.dll+0x24b7cf]  report_vm_out_of_memory+0x8f  (debug.cpp:321)
V  [jvm.dll+0x682049]  os::pd_commit_memory_or_exit+0xc9  (os_windows.cpp:3837)
V  [jvm.dll+0x67671a]  os::commit_memory_or_exit+0x2a  (os.cpp:1754)
V  [jvm.dll+0x30be2b]  G1PageBasedVirtualSpace::commit+0x19b  (g1PageBasedVirtualSpace.cpp:204)
V  [jvm.dll+0x3132d6]  G1RegionsLargerThanCommitSizeMapper::commit_regions+0x96  (g1RegionToSpaceMapper.cpp:100)
V  [jvm.dll+0x36302e]  HeapRegionManager::expand_any+0xee  (heapRegionManager.cpp:363)
V  [jvm.dll+0x36325f]  HeapRegionManager::expand_by+0x7f  (heapRegionManager.cpp:380)
V  [jvm.dll+0x2e1f48]  G1CollectedHeap::expand+0xb8  (g1CollectedHeap.cpp:1298)
V  [jvm.dll+0x2e2eb4]  G1CollectedHeap::initialize+0x664  (g1CollectedHeap.cpp:1719)
V  [jvm.dll+0x815c11]  universe_init+0xb1  (universe.cpp:736)
V  [jvm.dll+0x370df1]  init_globals+0x31  (init.cpp:124)
V  [jvm.dll+0x7f4fdc]  Threads::create_vm+0x60c  (thread.cpp:2901)
V  [jvm.dll+0x3f3f1f]  JNI_CreateJavaVM_inner+0x8f  (jni.cpp:3635)
V  [jvm.dll+0x3f5b31]  JNI_CreateJavaVM+0x11  (jni.cpp:3727)
C  [jli.dll+0x528f]  (java.c:413)
C  [ucrtbase.dll+0x21bb2]
C  [KERNEL32.DLL+0x17614]
C  [ntdll.dll+0x526a1]


---------------  P R O C E S S  ---------------

Threads class SMR info:
_java_thread_list=0x00007ffeb8880098, length=0, elements={
}

Java Threads: ( => current thread )

Other Threads:
  0x00000229b57840c0 GCTaskThread "GC Thread#0" [stack: 0x000000312a600000,0x000000312a700000] [id=22056]
  0x00000229b5797f40 ConcurrentGCThread "G1 Main Marker" [stack: 0x000000312a700000,0x000000312a800000] [id=22356]
  0x00000229b57990f0 ConcurrentGCThread "G1 Conc#0" [stack: 0x000000312a800000,0x000000312a900000] [id=19828]

[error occurred during error reporting (printing all threads), id 0xc0000005, EXCEPTION_ACCESS_VIOLATION (0xc0000005) at pc=0x00007ffeb8032ab7]

VM state: not at safepoint (not fully initialized)

VM Mutex/Monitor currently owned by a thread:  ([mutex/lock_event])
[0x00000229b56d29e0] Heap_lock - owner thread: 0x00000229b56d6e90

Heap address: 0x0000000601c00000, size: 8164 MB, Compressed Oops mode: Zero based, Oop shift amount: 3

CDS archive(s) mapped at: [0x0000000000000000-0x0000000000000000-0x0000000000000000), size 0, SharedBaseAddress: 0x0000000800000000, ArchiveRelocationMode: 1.
Narrow klass base: 0x0000000000000000, Narrow klass shift: 0, Narrow klass range: 0x0

GC Precious Log:
<Empty>

Heap:
 garbage-first heap   total 0K, used 0K [0x0000000601c00000, 0x0000000800000000)
  region size 4096K, 0 young (0K), 0 survivors (0K)
 Metaspace       used 0K, committed 0K, reserved 0K
  class space    used 0K, committed 0K, reserved 0K

Heap Regions: E=young(eden), S=young(survivor), O=old, HS=humongous(starts), HC=humongous(continues), CS=collection set, F=free, OA=open archive, CA=closed archive, TAMS=top-at-mark-start (previous, next)

Card table byte_map: [0x00000229cb620000,0x00000229cc620000] _byte_map_base: 0x00000229c8612000

Marking Bits (Prev, Next): (CMBitMap*) 0x00000229b57866f0, (CMBitMap*) 0x00000229b5786730
 Prev Bits: [0x00000229cd620000, 0x00000229d55b0000)
 Next Bits: [0x00000229d55b0000, 0x00000229dd540000)

GC Heap History (0 events):
No events

Dll operation events (1 events):
Event: 0.005 Loaded shared library C:\Users\Gregorius\.jdks\jbr-17.0.8\bin\java.dll

Deoptimization events (0 events):
No events

Classes unloaded (0 events):
No events

Classes redefined (0 events):
No events

Internal exceptions (0 events):
No events

VM Operations (0 events):
No events

Events (0 events):
No events


Dynamic libraries:
0x00007ff6d9520000 - 0x00007ff6d952a000 	C:\Users\Gregorius\.jdks\jbr-17.0.8\bin\java.exe
0x00007fff54090000 - 0x00007fff54288000 	C:\Windows\SYSTEM32\ntdll.dll
0x00007fff52310000 - 0x00007fff523cf000 	C:\Windows\System32\KERNEL32.DLL
0x00007fff51990000 - 0x00007fff51c62000 	C:\Windows\System32\KERNELBASE.dll
0x00007fff51fe0000 - 0x00007fff520e0000 	C:\Windows\System32\ucrtbase.dll
0x00007fff09800000 - 0x00007fff09817000 	C:\Users\Gregorius\.jdks\jbr-17.0.8\bin\jli.dll
0x00007ffef79f0000 - 0x00007ffef7a0b000 	C:\Users\Gregorius\.jdks\jbr-17.0.8\bin\VCRUNTIME140.dll
0x00007fff536b0000 - 0x00007fff53851000 	C:\Windows\System32\USER32.dll
0x00007fff41a00000 - 0x00007fff41c9a000 	C:\Windows\WinSxS\amd64_microsoft.windows.common-controls_6595b64144ccf1df_6.0.19041.1110_none_60b5254171f9507e\COMCTL32.dll
0x00007fff518f0000 - 0x00007fff51912000 	C:\Windows\System32\win32u.dll
0x00007fff54020000 - 0x00007fff5404b000 	C:\Windows\System32\GDI32.dll
0x00007fff52f80000 - 0x00007fff5301e000 	C:\Windows\System32\msvcrt.dll
0x00007fff51d50000 - 0x00007fff51e5f000 	C:\Windows\System32\gdi32full.dll
0x00007fff51eb0000 - 0x00007fff51f4d000 	C:\Windows\System32\msvcp_win.dll
0x00007fff52b80000 - 0x00007fff52bb0000 	C:\Windows\System32\IMM32.DLL
0x00007fff3a030000 - 0x00007fff3a03c000 	C:\Users\Gregorius\.jdks\jbr-17.0.8\bin\vcruntime140_1.dll
0x00007ffec49c0000 - 0x00007ffec4a4d000 	C:\Users\Gregorius\.jdks\jbr-17.0.8\bin\msvcp140.dll
0x00007ffeb7d40000 - 0x00007ffeb89c3000 	C:\Users\Gregorius\.jdks\jbr-17.0.8\bin\server\jvm.dll
0x00007fff52c70000 - 0x00007fff52d1e000 	C:\Windows\System32\ADVAPI32.dll
0x00007fff52260000 - 0x00007fff522fc000 	C:\Windows\System32\sechost.dll
0x00007fff52800000 - 0x00007fff52925000 	C:\Windows\System32\RPCRT4.dll
0x00007fff51330000 - 0x00007fff5137b000 	C:\Windows\SYSTEM32\POWRPROF.dll
0x00007fff4c920000 - 0x00007fff4c929000 	C:\Windows\SYSTEM32\WSOCK32.dll
0x00007fff49e20000 - 0x00007fff49e47000 	C:\Windows\SYSTEM32\WINMM.dll
0x00007fff49e50000 - 0x00007fff49e5a000 	C:\Windows\SYSTEM32\VERSION.dll
0x00007fff53860000 - 0x00007fff538cb000 	C:\Windows\System32\WS2_32.dll
0x00007fff51220000 - 0x00007fff51232000 	C:\Windows\SYSTEM32\UMPDC.dll
0x00007fff50000000 - 0x00007fff50012000 	C:\Windows\SYSTEM32\kernel.appcore.dll
0x00007fff16410000 - 0x00007fff1641a000 	C:\Users\Gregorius\.jdks\jbr-17.0.8\bin\jimage.dll
0x00007fff42550000 - 0x00007fff42734000 	C:\Windows\SYSTEM32\DBGHELP.DLL
0x00007fff3a8d0000 - 0x00007fff3a905000 	C:\Windows\SYSTEM32\dbgcore.DLL
0x00007fff51f50000 - 0x00007fff51fd2000 	C:\Windows\System32\bcryptPrimitives.dll
0x00007ffef79c0000 - 0x00007ffef79e5000 	C:\Users\Gregorius\.jdks\jbr-17.0.8\bin\java.dll

dbghelp: loaded successfully - version: 4.0.5 - missing functions: none
symbol engine: initialized successfully - sym options: 0x614 - pdb path: .;C:\Users\Gregorius\.jdks\jbr-17.0.8\bin;C:\Windows\SYSTEM32;C:\Windows\WinSxS\amd64_microsoft.windows.common-controls_6595b64144ccf1df_6.0.19041.1110_none_60b5254171f9507e;C:\Users\Gregorius\.jdks\jbr-17.0.8\bin\server

VM Arguments:
java_command: org.jetbrains.kotlin.cli.jvm.K2JVMCompiler @F:\Project from Android\CryptoApp\app\build\20231116_11798002617014486096.compiler.options
java_class_path (initial): F:\Gradle\gradle-8.1.1\caches\modules-2\files-2.1\org.jetbrains.kotlin\kotlin-compiler-embeddable\1.6.21\97bdd5a752ce73b58ef16c17bc7f0ea2faff7a2e\kotlin-compiler-embeddable-1.6.21.jar;F:\Gradle\gradle-8.1.1\caches\modules-2\files-2.1\org.jetbrains.kotlin\kotlin-reflect\1.6.21\5dc3574d9b7bebfcb4ec6b10ada4aaa9e140bd0b\kotlin-reflect-1.6.21.jar;F:\Gradle\gradle-8.1.1\caches\modules-2\files-2.1\org.jetbrains.kotlin\kotlin-stdlib\1.6.21\11ef67f1900634fd951bad28c53ec957fabbe5b8\kotlin-stdlib-1.6.21.jar;F:\Gradle\gradle-8.1.1\caches\modules-2\files-2.1\org.jetbrains.kotlin\kotlin-script-runtime\1.6.21\99c6675100da5d6d5b1c5a1032f27f28008d101b\kotlin-script-runtime-1.6.21.jar;F:\Gradle\gradle-8.1.1\caches\modules-2\files-2.1\org.jetbrains.kotlin\kotlin-daemon-embeddable\1.6.21\46b78cf392e1c4f10854c3cadba44abb7b82250f\kotlin-daemon-embeddable-1.6.21.jar;F:\Gradle\gradle-8.1.1\caches\modules-2\files-2.1\org.jetbrains.intellij.deps\trove4j\1.0.20200330\3afb14d5f9ceb459d724e907a21145e8ff394f02\trove4j-1.0.20200330.jar;F:\Gradle\gradle-8.1.1\caches\modules-2\files-2.1\net.java.dev.jna\jna\5.6.0\330f2244e9030119ab3030fc3fededc86713d9cc\jna-5.6.0.jar;F:\Gradle\gradle-8.1.1\caches\modules-2\files-2.1\org.jetbrains.kotlin\kotlin-stdlib-common\1.6.21\5e5b55c26dbc80372a920aef60eb774b714559b8\kotlin-stdlib-common-1.6.21.jar;F:\Gradle\gradle-8.1.1\caches\modules-2\files-2.1\org.jetbrains\annotations\13.0\919f0dfe192fb4e063e7dacadee7f8bb9a2672a9\annotations-13.0.jar
Launcher Type: SUN_STANDARD

[Global flags]
     intx CICompilerCount                          = 12                                        {product} {ergonomic}
     uint ConcGCThreads                            = 3                                         {product} {ergonomic}
     uint G1ConcRefinementThreads                  = 13                                        {product} {ergonomic}
   size_t G1HeapRegionSize                         = 4194304                                   {product} {ergonomic}
    uintx GCDrainStackTargetSize                   = 64                                        {product} {ergonomic}
   size_t InitialHeapSize                          = 536870912                                 {product} {ergonomic}
   size_t MarkStackSize                            = 4194304                                   {product} {ergonomic}
   size_t MaxHeapSize                              = 8560574464                                {product} {ergonomic}
   size_t MinHeapDeltaBytes                        = 4194304                                   {product} {ergonomic}
   size_t MinHeapSize                              = 8388608                                   {product} {ergonomic}
    uintx NonNMethodCodeHeapSize                   = 7602480                                {pd product} {ergonomic}
    uintx NonProfiledCodeHeapSize                  = 122027880                              {pd product} {ergonomic}
    uintx ProfiledCodeHeapSize                     = 122027880                              {pd product} {ergonomic}
    uintx ReservedCodeCacheSize                    = 251658240                              {pd product} {ergonomic}
     bool SegmentedCodeCache                       = true                                      {product} {ergonomic}
   size_t SoftMaxHeapSize                          = 8560574464                             {manageable} {ergonomic}
     bool UseCompressedClassPointers               = true                           {product lp64_product} {ergonomic}
     bool UseCompressedOops                        = true                           {product lp64_product} {ergonomic}
     bool UseG1GC                                  = true                                      {product} {ergonomic}
     bool UseLargePagesIndividualAllocation        = false                                  {pd product} {ergonomic}

Logging:
Log output configuration:
 #0: stdout all=warning uptime,level,tags
 #1: stderr all=off uptime,level,tags

Environment Variables:
PATH=C:\Windows\system32;C:\Windows;C:\Windows\System32\Wbem;C:\Windows\System32\WindowsPowerShell\v1.0\;C:\Program Files\Git\cmd;C:\Program Files (x86)\NVIDIA Corporation\PhysX\Common;C:\Users\Gregorius\AppData\Local\Microsoft\WindowsApps;
USERNAME=Gregorius
OS=Windows_NT
PROCESSOR_IDENTIFIER=AMD64 Family 25 Model 80 Stepping 0, AuthenticAMD
TMP=C:\Temp
TEMP=C:\Temp


JNI global refs:
JNI global refs: 0, weak refs: 0

JNI global refs memory usage: 0, weak refs: 0

OOME stack traces (most recent first):
Classloader memory used:


---------------  S Y S T E M  ---------------

OS:
 Windows 10 , 64 bit Build 19041 (10.0.19041.2546)
OS uptime: 2 days 5:26 hours

CPU: total 16 (initial active 16) (16 cores per cpu, 2 threads per core) family 25 model 80 stepping 0 microcode 0x0, cx8, cmov, fxsr, ht, mmx, 3dnowpref, sse, sse2, sse3, ssse3, sse4a, sse4.1, sse4.2, popcnt, lzcnt, tsc, tscinvbit, avx, avx2, aes, erms, clmul, bmi1, bmi2, adx, sha, fma, vzeroupper, clflush, clflushopt
Processor Information for all 16 processors :
  Max Mhz: 3800, Current Mhz: 3800, Mhz Limit: 3800

Memory: 4k page, system-wide physical 32654M (11541M free)
TotalPageFile size 32654M (AvailPageFile size 6M)
current process WorkingSet (physical memory assigned to process): 35M, peak: 35M
current process commit charge ("private bytes"): 95M, peak: 582M

vm_info: OpenJDK 64-Bit Server VM (17.0.8+7-b1000.8) for windows-amd64 JRE (17.0.8+7-b1000.8), built on 2023-08-04 by "builduser" with MS VC++ 16.10 / 16.11 (VS2019)

END.
